0 info it worked if it ends with ok
1 verbose cli [ '/usr/local/bin/node',
1 verbose cli   '/usr/local/bin/npm',
1 verbose cli   'install',
1 verbose cli   '--save',
1 verbose cli   'xlsx' ]
2 info using npm@3.10.10
3 info using node@v6.11.2
4 silly loadCurrentTree Starting
5 silly install loadCurrentTree
6 silly install readLocalPackageData
7 silly fetchPackageMetaData xlsx
8 silly fetchNamedPackageData xlsx
9 silly mapToRegistry name xlsx
10 silly mapToRegistry using default registry
11 silly mapToRegistry registry https://registry.npmjs.org/
12 silly mapToRegistry data Result {
12 silly mapToRegistry   raw: 'xlsx',
12 silly mapToRegistry   scope: null,
12 silly mapToRegistry   escapedName: 'xlsx',
12 silly mapToRegistry   name: 'xlsx',
12 silly mapToRegistry   rawSpec: '',
12 silly mapToRegistry   spec: 'latest',
12 silly mapToRegistry   type: 'tag' }
13 silly mapToRegistry uri https://registry.npmjs.org/xlsx
14 verbose request uri https://registry.npmjs.org/xlsx
15 verbose request no auth needed
16 info attempt registry request try #1 at 8:16:57 PM
17 verbose request id e4634621ae564af2
18 http request GET https://registry.npmjs.org/xlsx
19 http 200 https://registry.npmjs.org/xlsx
20 verbose headers { server: 'nginx/1.10.1',
20 verbose headers   'content-type': 'application/json',
20 verbose headers   'last-modified': 'Fri, 01 Sep 2017 12:51:48 GMT',
20 verbose headers   etag: 'W/"59a957e4-1ecf7"',
20 verbose headers   'content-encoding': 'gzip',
20 verbose headers   'cache-control': 'max-age=300',
20 verbose headers   'content-length': '28689',
20 verbose headers   'accept-ranges': 'bytes',
20 verbose headers   date: 'Wed, 06 Sep 2017 17:16:58 GMT',
20 verbose headers   via: '1.1 varnish',
20 verbose headers   age: '0',
20 verbose headers   connection: 'keep-alive',
20 verbose headers   'x-served-by': 'cache-ams4429-AMS',
20 verbose headers   'x-cache': 'HIT',
20 verbose headers   'x-cache-hits': '1',
20 verbose headers   'x-timer': 'S1504718218.999021,VS0,VE7',
20 verbose headers   vary: 'Accept-Encoding, Accept' }
21 silly get cb [ 200,
21 silly get   { server: 'nginx/1.10.1',
21 silly get     'content-type': 'application/json',
21 silly get     'last-modified': 'Fri, 01 Sep 2017 12:51:48 GMT',
21 silly get     etag: 'W/"59a957e4-1ecf7"',
21 silly get     'content-encoding': 'gzip',
21 silly get     'cache-control': 'max-age=300',
21 silly get     'content-length': '28689',
21 silly get     'accept-ranges': 'bytes',
21 silly get     date: 'Wed, 06 Sep 2017 17:16:58 GMT',
21 silly get     via: '1.1 varnish',
21 silly get     age: '0',
21 silly get     connection: 'keep-alive',
21 silly get     'x-served-by': 'cache-ams4429-AMS',
21 silly get     'x-cache': 'HIT',
21 silly get     'x-cache-hits': '1',
21 silly get     'x-timer': 'S1504718218.999021,VS0,VE7',
21 silly get     vary: 'Accept-Encoding, Accept' } ]
22 verbose get saving xlsx to /Users/yusufyilmz/.npm/registry.npmjs.org/xlsx/.cache.json
23 verbose correctMkdir /Users/yusufyilmz/.npm correctMkdir not in flight; initializing
24 silly install normalizeTree
25 silly loadCurrentTree Finishing
26 silly loadIdealTree Starting
27 silly install loadIdealTree
28 silly cloneCurrentTree Starting
29 silly install cloneCurrentTreeToIdealTree
30 silly cloneCurrentTree Finishing
31 silly loadShrinkwrap Starting
32 silly install loadShrinkwrap
33 silly loadShrinkwrap Finishing
34 silly loadAllDepsIntoIdealTree Starting
35 silly install loadAllDepsIntoIdealTree
36 silly resolveWithNewModule xlsx@0.11.3 checking installable status
37 silly cache add args [ 'xlsx', null ]
38 verbose cache add spec xlsx
39 silly cache add parsed spec Result {
39 silly cache add   raw: 'xlsx',
39 silly cache add   scope: null,
39 silly cache add   escapedName: 'xlsx',
39 silly cache add   name: 'xlsx',
39 silly cache add   rawSpec: '',
39 silly cache add   spec: 'latest',
39 silly cache add   type: 'tag' }
40 silly addNamed xlsx@latest
41 verbose addNamed "latest" is being treated as a dist-tag for xlsx
42 info addNameTag [ 'xlsx', 'latest' ]
43 silly mapToRegistry name xlsx
44 silly mapToRegistry using default registry
45 silly mapToRegistry registry https://registry.npmjs.org/
46 silly mapToRegistry data Result {
46 silly mapToRegistry   raw: 'xlsx',
46 silly mapToRegistry   scope: null,
46 silly mapToRegistry   escapedName: 'xlsx',
46 silly mapToRegistry   name: 'xlsx',
46 silly mapToRegistry   rawSpec: '',
46 silly mapToRegistry   spec: 'latest',
46 silly mapToRegistry   type: 'tag' }
47 silly mapToRegistry uri https://registry.npmjs.org/xlsx
48 verbose addNameTag registry:https://registry.npmjs.org/xlsx not in flight; fetching
49 verbose get https://registry.npmjs.org/xlsx not expired, no request
50 silly addNameTag next cb for xlsx with tag latest
51 silly addNamed xlsx@0.11.3
52 verbose addNamed "0.11.3" is a plain semver version for xlsx
53 silly mapToRegistry name xlsx
54 silly mapToRegistry using default registry
55 silly mapToRegistry registry https://registry.npmjs.org/
56 silly mapToRegistry data Result {
56 silly mapToRegistry   raw: 'xlsx',
56 silly mapToRegistry   scope: null,
56 silly mapToRegistry   escapedName: 'xlsx',
56 silly mapToRegistry   name: 'xlsx',
56 silly mapToRegistry   rawSpec: '',
56 silly mapToRegistry   spec: 'latest',
56 silly mapToRegistry   type: 'tag' }
57 silly mapToRegistry uri https://registry.npmjs.org/xlsx
58 verbose addRemoteTarball https://registry.npmjs.org/xlsx/-/xlsx-0.11.3.tgz not in flight; adding
59 verbose addRemoteTarball [ 'https://registry.npmjs.org/xlsx/-/xlsx-0.11.3.tgz',
59 verbose addRemoteTarball   'd5394137d5d1a65b046bbe41c2a4d7468af8670b' ]
60 info retry fetch attempt 1 at 8:16:58 PM
61 info attempt registry request try #1 at 8:16:58 PM
62 http fetch GET https://registry.npmjs.org/xlsx/-/xlsx-0.11.3.tgz
63 http fetch 200 https://registry.npmjs.org/xlsx/-/xlsx-0.11.3.tgz
64 silly fetchAndShaCheck shasum d5394137d5d1a65b046bbe41c2a4d7468af8670b
65 verbose addTmpTarball /var/folders/0n/qqb98fy126l0xt4nfxdnnxdm0000gn/T/npm-19644-2922ec86/registry.npmjs.org/xlsx/-/xlsx-0.11.3.tgz not in flight; adding
66 verbose addTmpTarball already have metadata; skipping unpack for xlsx@0.11.3
67 verbose correctMkdir /Users/yusufyilmz/.npm correctMkdir not in flight; initializing
68 silly cache afterAdd xlsx@0.11.3
69 verbose afterAdd /Users/yusufyilmz/.npm/xlsx/0.11.3/package/package.json not in flight; writing
70 verbose correctMkdir /Users/yusufyilmz/.npm correctMkdir not in flight; initializing
71 verbose afterAdd /Users/yusufyilmz/.npm/xlsx/0.11.3/package/package.json written
72 silly fetchNamedPackageData ssf
73 silly mapToRegistry name ssf
74 silly mapToRegistry using default registry
75 silly mapToRegistry registry https://registry.npmjs.org/
76 silly mapToRegistry data Result {
76 silly mapToRegistry   raw: 'ssf',
76 silly mapToRegistry   scope: null,
76 silly mapToRegistry   escapedName: 'ssf',
76 silly mapToRegistry   name: 'ssf',
76 silly mapToRegistry   rawSpec: '',
76 silly mapToRegistry   spec: 'latest',
76 silly mapToRegistry   type: 'tag' }
77 silly mapToRegistry uri https://registry.npmjs.org/ssf
78 silly fetchNamedPackageData cfb
79 silly mapToRegistry name cfb
80 silly mapToRegistry using default registry
81 silly mapToRegistry registry https://registry.npmjs.org/
82 silly mapToRegistry data Result {
82 silly mapToRegistry   raw: 'cfb',
82 silly mapToRegistry   scope: null,
82 silly mapToRegistry   escapedName: 'cfb',
82 silly mapToRegistry   name: 'cfb',
82 silly mapToRegistry   rawSpec: '',
82 silly mapToRegistry   spec: 'latest',
82 silly mapToRegistry   type: 'tag' }
83 silly mapToRegistry uri https://registry.npmjs.org/cfb
84 silly fetchNamedPackageData crc-32
85 silly mapToRegistry name crc-32
86 silly mapToRegistry using default registry
87 silly mapToRegistry registry https://registry.npmjs.org/
88 silly mapToRegistry data Result {
88 silly mapToRegistry   raw: 'crc-32',
88 silly mapToRegistry   scope: null,
88 silly mapToRegistry   escapedName: 'crc-32',
88 silly mapToRegistry   name: 'crc-32',
88 silly mapToRegistry   rawSpec: '',
88 silly mapToRegistry   spec: 'latest',
88 silly mapToRegistry   type: 'tag' }
89 silly mapToRegistry uri https://registry.npmjs.org/crc-32
90 silly fetchNamedPackageData adler-32
91 silly mapToRegistry name adler-32
92 silly mapToRegistry using default registry
93 silly mapToRegistry registry https://registry.npmjs.org/
94 silly mapToRegistry data Result {
94 silly mapToRegistry   raw: 'adler-32',
94 silly mapToRegistry   scope: null,
94 silly mapToRegistry   escapedName: 'adler-32',
94 silly mapToRegistry   name: 'adler-32',
94 silly mapToRegistry   rawSpec: '',
94 silly mapToRegistry   spec: 'latest',
94 silly mapToRegistry   type: 'tag' }
95 silly mapToRegistry uri https://registry.npmjs.org/adler-32
96 verbose request uri https://registry.npmjs.org/ssf
97 verbose request no auth needed
98 info attempt registry request try #1 at 8:17:08 PM
99 http request GET https://registry.npmjs.org/ssf
100 verbose request uri https://registry.npmjs.org/cfb
101 verbose request no auth needed
102 info attempt registry request try #1 at 8:17:08 PM
103 http request GET https://registry.npmjs.org/cfb
104 verbose request uri https://registry.npmjs.org/crc-32
105 verbose request no auth needed
106 info attempt registry request try #1 at 8:17:08 PM
107 http request GET https://registry.npmjs.org/crc-32
108 verbose request uri https://registry.npmjs.org/adler-32
109 verbose request no auth needed
110 info attempt registry request try #1 at 8:17:08 PM
111 http request GET https://registry.npmjs.org/adler-32
112 http 200 https://registry.npmjs.org/cfb
113 verbose headers { server: 'nginx/1.10.1',
113 verbose headers   'content-type': 'application/json',
113 verbose headers   'last-modified': 'Wed, 09 Aug 2017 07:14:54 GMT',
113 verbose headers   etag: 'W/"598ab66e-4add"',
113 verbose headers   'content-encoding': 'gzip',
113 verbose headers   'cache-control': 'max-age=300',
113 verbose headers   'content-length': '4144',
113 verbose headers   'accept-ranges': 'bytes',
113 verbose headers   date: 'Wed, 06 Sep 2017 17:17:08 GMT',
113 verbose headers   via: '1.1 varnish',
113 verbose headers   age: '0',
113 verbose headers   connection: 'keep-alive',
113 verbose headers   'x-served-by': 'cache-ams4420-AMS',
113 verbose headers   'x-cache': 'HIT',
113 verbose headers   'x-cache-hits': '1',
113 verbose headers   'x-timer': 'S1504718229.875966,VS0,VE7',
113 verbose headers   vary: 'Accept-Encoding, Accept' }
114 silly get cb [ 200,
114 silly get   { server: 'nginx/1.10.1',
114 silly get     'content-type': 'application/json',
114 silly get     'last-modified': 'Wed, 09 Aug 2017 07:14:54 GMT',
114 silly get     etag: 'W/"598ab66e-4add"',
114 silly get     'content-encoding': 'gzip',
114 silly get     'cache-control': 'max-age=300',
114 silly get     'content-length': '4144',
114 silly get     'accept-ranges': 'bytes',
114 silly get     date: 'Wed, 06 Sep 2017 17:17:08 GMT',
114 silly get     via: '1.1 varnish',
114 silly get     age: '0',
114 silly get     connection: 'keep-alive',
114 silly get     'x-served-by': 'cache-ams4420-AMS',
114 silly get     'x-cache': 'HIT',
114 silly get     'x-cache-hits': '1',
114 silly get     'x-timer': 'S1504718229.875966,VS0,VE7',
114 silly get     vary: 'Accept-Encoding, Accept' } ]
115 verbose get saving cfb to /Users/yusufyilmz/.npm/registry.npmjs.org/cfb/.cache.json
116 verbose correctMkdir /Users/yusufyilmz/.npm correctMkdir not in flight; initializing
117 silly resolveWithNewModule cfb@0.12.1 checking installable status
118 silly cache add args [ 'cfb@~0.12.1', null ]
119 verbose cache add spec cfb@~0.12.1
120 silly cache add parsed spec Result {
120 silly cache add   raw: 'cfb@~0.12.1',
120 silly cache add   scope: null,
120 silly cache add   escapedName: 'cfb',
120 silly cache add   name: 'cfb',
120 silly cache add   rawSpec: '~0.12.1',
120 silly cache add   spec: '>=0.12.1 <0.13.0',
120 silly cache add   type: 'range' }
121 silly addNamed cfb@>=0.12.1 <0.13.0
122 verbose addNamed ">=0.12.1 <0.13.0" is a valid semver range for cfb
123 silly addNameRange { name: 'cfb', range: '>=0.12.1 <0.13.0', hasData: false }
124 silly mapToRegistry name cfb
125 silly mapToRegistry using default registry
126 silly mapToRegistry registry https://registry.npmjs.org/
127 silly mapToRegistry data Result {
127 silly mapToRegistry   raw: 'cfb',
127 silly mapToRegistry   scope: null,
127 silly mapToRegistry   escapedName: 'cfb',
127 silly mapToRegistry   name: 'cfb',
127 silly mapToRegistry   rawSpec: '',
127 silly mapToRegistry   spec: 'latest',
127 silly mapToRegistry   type: 'tag' }
128 silly mapToRegistry uri https://registry.npmjs.org/cfb
129 verbose addNameRange registry:https://registry.npmjs.org/cfb not in flight; fetching
130 verbose get https://registry.npmjs.org/cfb not expired, no request
131 silly addNameRange number 2 { name: 'cfb', range: '>=0.12.1 <0.13.0', hasData: true }
132 silly addNameRange versions [ 'cfb',
132 silly addNameRange   [ '0.8.1',
132 silly addNameRange     '0.9.1',
132 silly addNameRange     '0.10.0',
132 silly addNameRange     '0.10.1',
132 silly addNameRange     '0.10.2',
132 silly addNameRange     '0.10.2-a',
132 silly addNameRange     '0.10.3',
132 silly addNameRange     '0.10.3-a',
132 silly addNameRange     '0.11.0',
132 silly addNameRange     '0.11.1',
132 silly addNameRange     '0.12.0',
132 silly addNameRange     '0.12.1' ] ]
133 silly addNamed cfb@0.12.1
134 verbose addNamed "0.12.1" is a plain semver version for cfb
135 silly mapToRegistry name cfb
136 silly mapToRegistry using default registry
137 silly mapToRegistry registry https://registry.npmjs.org/
138 silly mapToRegistry data Result {
138 silly mapToRegistry   raw: 'cfb',
138 silly mapToRegistry   scope: null,
138 silly mapToRegistry   escapedName: 'cfb',
138 silly mapToRegistry   name: 'cfb',
138 silly mapToRegistry   rawSpec: '',
138 silly mapToRegistry   spec: 'latest',
138 silly mapToRegistry   type: 'tag' }
139 silly mapToRegistry uri https://registry.npmjs.org/cfb
140 verbose addRemoteTarball https://registry.npmjs.org/cfb/-/cfb-0.12.1.tgz not in flight; adding
141 verbose addRemoteTarball [ 'https://registry.npmjs.org/cfb/-/cfb-0.12.1.tgz',
141 verbose addRemoteTarball   '57fadfa9fc31409b2ca58a4109ecaaac5ad1a4ec' ]
142 info retry fetch attempt 1 at 8:17:08 PM
143 info attempt registry request try #1 at 8:17:08 PM
144 http fetch GET https://registry.npmjs.org/cfb/-/cfb-0.12.1.tgz
145 http 200 https://registry.npmjs.org/adler-32
146 verbose headers { server: 'nginx/1.10.1',
146 verbose headers   'content-type': 'application/json',
146 verbose headers   'last-modified': 'Fri, 28 Jul 2017 09:06:20 GMT',
146 verbose headers   etag: 'W/"597afe8c-352e"',
146 verbose headers   'content-encoding': 'gzip',
146 verbose headers   'cache-control': 'max-age=300',
146 verbose headers   'content-length': '3735',
146 verbose headers   'accept-ranges': 'bytes',
146 verbose headers   date: 'Wed, 06 Sep 2017 17:17:08 GMT',
146 verbose headers   via: '1.1 varnish',
146 verbose headers   age: '0',
146 verbose headers   connection: 'keep-alive',
146 verbose headers   'x-served-by': 'cache-ams4438-AMS',
146 verbose headers   'x-cache': 'HIT',
146 verbose headers   'x-cache-hits': '1',
146 verbose headers   'x-timer': 'S1504718229.897376,VS0,VE64',
146 verbose headers   vary: 'Accept-Encoding, Accept' }
147 silly get cb [ 200,
147 silly get   { server: 'nginx/1.10.1',
147 silly get     'content-type': 'application/json',
147 silly get     'last-modified': 'Fri, 28 Jul 2017 09:06:20 GMT',
147 silly get     etag: 'W/"597afe8c-352e"',
147 silly get     'content-encoding': 'gzip',
147 silly get     'cache-control': 'max-age=300',
147 silly get     'content-length': '3735',
147 silly get     'accept-ranges': 'bytes',
147 silly get     date: 'Wed, 06 Sep 2017 17:17:08 GMT',
147 silly get     via: '1.1 varnish',
147 silly get     age: '0',
147 silly get     connection: 'keep-alive',
147 silly get     'x-served-by': 'cache-ams4438-AMS',
147 silly get     'x-cache': 'HIT',
147 silly get     'x-cache-hits': '1',
147 silly get     'x-timer': 'S1504718229.897376,VS0,VE64',
147 silly get     vary: 'Accept-Encoding, Accept' } ]
148 verbose get saving adler-32 to /Users/yusufyilmz/.npm/registry.npmjs.org/adler-32/.cache.json
149 verbose correctMkdir /Users/yusufyilmz/.npm correctMkdir not in flight; initializing
150 silly resolveWithNewModule adler-32@1.1.0 checking installable status
151 silly cache add args [ 'adler-32@~1.1.0', null ]
152 verbose cache add spec adler-32@~1.1.0
153 silly cache add parsed spec Result {
153 silly cache add   raw: 'adler-32@~1.1.0',
153 silly cache add   scope: null,
153 silly cache add   escapedName: 'adler-32',
153 silly cache add   name: 'adler-32',
153 silly cache add   rawSpec: '~1.1.0',
153 silly cache add   spec: '>=1.1.0 <1.2.0',
153 silly cache add   type: 'range' }
154 silly addNamed adler-32@>=1.1.0 <1.2.0
155 verbose addNamed ">=1.1.0 <1.2.0" is a valid semver range for adler-32
156 silly addNameRange { name: 'adler-32', range: '>=1.1.0 <1.2.0', hasData: false }
157 silly mapToRegistry name adler-32
158 silly mapToRegistry using default registry
159 silly mapToRegistry registry https://registry.npmjs.org/
160 silly mapToRegistry data Result {
160 silly mapToRegistry   raw: 'adler-32',
160 silly mapToRegistry   scope: null,
160 silly mapToRegistry   escapedName: 'adler-32',
160 silly mapToRegistry   name: 'adler-32',
160 silly mapToRegistry   rawSpec: '',
160 silly mapToRegistry   spec: 'latest',
160 silly mapToRegistry   type: 'tag' }
161 silly mapToRegistry uri https://registry.npmjs.org/adler-32
162 verbose addNameRange registry:https://registry.npmjs.org/adler-32 not in flight; fetching
163 verbose get https://registry.npmjs.org/adler-32 not expired, no request
164 silly addNameRange number 2 { name: 'adler-32', range: '>=1.1.0 <1.2.0', hasData: true }
165 silly addNameRange versions [ 'adler-32',
165 silly addNameRange   [ '0.1.0', '0.2.0', '0.2.1', '0.3.0', '0.4.0', '1.0.0', '1.1.0' ] ]
166 silly addNamed adler-32@1.1.0
167 verbose addNamed "1.1.0" is a plain semver version for adler-32
168 silly mapToRegistry name adler-32
169 silly mapToRegistry using default registry
170 silly mapToRegistry registry https://registry.npmjs.org/
171 silly mapToRegistry data Result {
171 silly mapToRegistry   raw: 'adler-32',
171 silly mapToRegistry   scope: null,
171 silly mapToRegistry   escapedName: 'adler-32',
171 silly mapToRegistry   name: 'adler-32',
171 silly mapToRegistry   rawSpec: '',
171 silly mapToRegistry   spec: 'latest',
171 silly mapToRegistry   type: 'tag' }
172 silly mapToRegistry uri https://registry.npmjs.org/adler-32
173 verbose addRemoteTarball https://registry.npmjs.org/adler-32/-/adler-32-1.1.0.tgz not in flight; adding
174 verbose addRemoteTarball [ 'https://registry.npmjs.org/adler-32/-/adler-32-1.1.0.tgz',
174 verbose addRemoteTarball   '03551a5c7f0edfbd4fc8fa12a6814978eab651c3' ]
175 info retry fetch attempt 1 at 8:17:09 PM
176 info attempt registry request try #1 at 8:17:09 PM
177 http fetch GET https://registry.npmjs.org/adler-32/-/adler-32-1.1.0.tgz
178 http 200 https://registry.npmjs.org/crc-32
179 verbose headers { server: 'nginx/1.10.1',
179 verbose headers   'content-type': 'application/json',
179 verbose headers   'last-modified': 'Fri, 28 Jul 2017 07:48:54 GMT',
179 verbose headers   etag: 'W/"597aec66-4414"',
179 verbose headers   'content-encoding': 'gzip',
179 verbose headers   'cache-control': 'max-age=300',
179 verbose headers   'content-length': '3889',
179 verbose headers   'accept-ranges': 'bytes',
179 verbose headers   date: 'Wed, 06 Sep 2017 17:17:08 GMT',
179 verbose headers   via: '1.1 varnish',
179 verbose headers   age: '0',
179 verbose headers   connection: 'keep-alive',
179 verbose headers   'x-served-by': 'cache-ams4136-AMS',
179 verbose headers   'x-cache': 'HIT',
179 verbose headers   'x-cache-hits': '1',
179 verbose headers   'x-timer': 'S1504718229.883751,VS0,VE87',
179 verbose headers   vary: 'Accept-Encoding, Accept' }
180 silly get cb [ 200,
180 silly get   { server: 'nginx/1.10.1',
180 silly get     'content-type': 'application/json',
180 silly get     'last-modified': 'Fri, 28 Jul 2017 07:48:54 GMT',
180 silly get     etag: 'W/"597aec66-4414"',
180 silly get     'content-encoding': 'gzip',
180 silly get     'cache-control': 'max-age=300',
180 silly get     'content-length': '3889',
180 silly get     'accept-ranges': 'bytes',
180 silly get     date: 'Wed, 06 Sep 2017 17:17:08 GMT',
180 silly get     via: '1.1 varnish',
180 silly get     age: '0',
180 silly get     connection: 'keep-alive',
180 silly get     'x-served-by': 'cache-ams4136-AMS',
180 silly get     'x-cache': 'HIT',
180 silly get     'x-cache-hits': '1',
180 silly get     'x-timer': 'S1504718229.883751,VS0,VE87',
180 silly get     vary: 'Accept-Encoding, Accept' } ]
181 verbose get saving crc-32 to /Users/yusufyilmz/.npm/registry.npmjs.org/crc-32/.cache.json
182 verbose correctMkdir /Users/yusufyilmz/.npm correctMkdir not in flight; initializing
183 silly resolveWithNewModule crc-32@1.1.0 checking installable status
184 silly cache add args [ 'crc-32@~1.1.0', null ]
185 verbose cache add spec crc-32@~1.1.0
186 silly cache add parsed spec Result {
186 silly cache add   raw: 'crc-32@~1.1.0',
186 silly cache add   scope: null,
186 silly cache add   escapedName: 'crc-32',
186 silly cache add   name: 'crc-32',
186 silly cache add   rawSpec: '~1.1.0',
186 silly cache add   spec: '>=1.1.0 <1.2.0',
186 silly cache add   type: 'range' }
187 silly addNamed crc-32@>=1.1.0 <1.2.0
188 verbose addNamed ">=1.1.0 <1.2.0" is a valid semver range for crc-32
189 silly addNameRange { name: 'crc-32', range: '>=1.1.0 <1.2.0', hasData: false }
190 silly mapToRegistry name crc-32
191 silly mapToRegistry using default registry
192 silly mapToRegistry registry https://registry.npmjs.org/
193 silly mapToRegistry data Result {
193 silly mapToRegistry   raw: 'crc-32',
193 silly mapToRegistry   scope: null,
193 silly mapToRegistry   escapedName: 'crc-32',
193 silly mapToRegistry   name: 'crc-32',
193 silly mapToRegistry   rawSpec: '',
193 silly mapToRegistry   spec: 'latest',
193 silly mapToRegistry   type: 'tag' }
194 silly mapToRegistry uri https://registry.npmjs.org/crc-32
195 verbose addNameRange registry:https://registry.npmjs.org/crc-32 not in flight; fetching
196 verbose get https://registry.npmjs.org/crc-32 not expired, no request
197 silly addNameRange number 2 { name: 'crc-32', range: '>=1.1.0 <1.2.0', hasData: true }
198 silly addNameRange versions [ 'crc-32',
198 silly addNameRange   [ '0.1.0',
198 silly addNameRange     '0.2.0',
198 silly addNameRange     '0.2.1',
198 silly addNameRange     '0.2.2',
198 silly addNameRange     '0.3.0',
198 silly addNameRange     '0.4.0',
198 silly addNameRange     '0.4.1',
198 silly addNameRange     '1.0.0',
198 silly addNameRange     '1.0.1',
198 silly addNameRange     '1.0.2',
198 silly addNameRange     '1.1.0' ] ]
199 silly addNamed crc-32@1.1.0
200 verbose addNamed "1.1.0" is a plain semver version for crc-32
201 silly mapToRegistry name crc-32
202 silly mapToRegistry using default registry
203 silly mapToRegistry registry https://registry.npmjs.org/
204 silly mapToRegistry data Result {
204 silly mapToRegistry   raw: 'crc-32',
204 silly mapToRegistry   scope: null,
204 silly mapToRegistry   escapedName: 'crc-32',
204 silly mapToRegistry   name: 'crc-32',
204 silly mapToRegistry   rawSpec: '',
204 silly mapToRegistry   spec: 'latest',
204 silly mapToRegistry   type: 'tag' }
205 silly mapToRegistry uri https://registry.npmjs.org/crc-32
206 verbose addRemoteTarball https://registry.npmjs.org/crc-32/-/crc-32-1.1.0.tgz not in flight; adding
207 verbose addRemoteTarball [ 'https://registry.npmjs.org/crc-32/-/crc-32-1.1.0.tgz',
207 verbose addRemoteTarball   '301ef4a1c2217adc8463b6e6e96c4e44310e10c7' ]
208 info retry fetch attempt 1 at 8:17:09 PM
209 info attempt registry request try #1 at 8:17:09 PM
210 http fetch GET https://registry.npmjs.org/crc-32/-/crc-32-1.1.0.tgz
211 http fetch 200 https://registry.npmjs.org/cfb/-/cfb-0.12.1.tgz
212 http fetch 200 https://registry.npmjs.org/adler-32/-/adler-32-1.1.0.tgz
213 silly fetchAndShaCheck shasum 03551a5c7f0edfbd4fc8fa12a6814978eab651c3
214 verbose addTmpTarball /var/folders/0n/qqb98fy126l0xt4nfxdnnxdm0000gn/T/npm-19644-2922ec86/registry.npmjs.org/adler-32/-/adler-32-1.1.0.tgz not in flight; adding
215 verbose addTmpTarball already have metadata; skipping unpack for adler-32@1.1.0
216 verbose correctMkdir /Users/yusufyilmz/.npm correctMkdir not in flight; initializing
217 silly cache afterAdd adler-32@1.1.0
218 verbose afterAdd /Users/yusufyilmz/.npm/adler-32/1.1.0/package/package.json not in flight; writing
219 verbose correctMkdir /Users/yusufyilmz/.npm correctMkdir not in flight; initializing
220 verbose afterAdd /Users/yusufyilmz/.npm/adler-32/1.1.0/package/package.json written
221 http fetch 200 https://registry.npmjs.org/crc-32/-/crc-32-1.1.0.tgz
222 silly fetchAndShaCheck shasum 301ef4a1c2217adc8463b6e6e96c4e44310e10c7
223 verbose addTmpTarball /var/folders/0n/qqb98fy126l0xt4nfxdnnxdm0000gn/T/npm-19644-2922ec86/registry.npmjs.org/crc-32/-/crc-32-1.1.0.tgz not in flight; adding
224 verbose addTmpTarball already have metadata; skipping unpack for crc-32@1.1.0
225 verbose correctMkdir /Users/yusufyilmz/.npm correctMkdir not in flight; initializing
226 silly cache afterAdd crc-32@1.1.0
227 verbose afterAdd /Users/yusufyilmz/.npm/crc-32/1.1.0/package/package.json not in flight; writing
228 verbose correctMkdir /Users/yusufyilmz/.npm correctMkdir not in flight; initializing
229 verbose afterAdd /Users/yusufyilmz/.npm/crc-32/1.1.0/package/package.json written
230 silly fetchAndShaCheck shasum 57fadfa9fc31409b2ca58a4109ecaaac5ad1a4ec
231 verbose addTmpTarball /var/folders/0n/qqb98fy126l0xt4nfxdnnxdm0000gn/T/npm-19644-2922ec86/registry.npmjs.org/cfb/-/cfb-0.12.1.tgz not in flight; adding
232 verbose addTmpTarball already have metadata; skipping unpack for cfb@0.12.1
233 verbose correctMkdir /Users/yusufyilmz/.npm correctMkdir not in flight; initializing
234 silly cache afterAdd cfb@0.12.1
235 verbose afterAdd /Users/yusufyilmz/.npm/cfb/0.12.1/package/package.json not in flight; writing
236 verbose correctMkdir /Users/yusufyilmz/.npm correctMkdir not in flight; initializing
237 verbose afterAdd /Users/yusufyilmz/.npm/cfb/0.12.1/package/package.json written
238 http 200 https://registry.npmjs.org/ssf
239 verbose headers { server: 'nginx/1.10.1',
239 verbose headers   'content-type': 'application/json',
239 verbose headers   'last-modified': 'Tue, 01 Aug 2017 03:04:47 GMT',
239 verbose headers   etag: 'W/"597fefcf-9801"',
239 verbose headers   'content-encoding': 'gzip',
239 verbose headers   'cache-control': 'max-age=300',
239 verbose headers   'content-length': '5462',
239 verbose headers   'accept-ranges': 'bytes',
239 verbose headers   date: 'Wed, 06 Sep 2017 17:17:09 GMT',
239 verbose headers   via: '1.1 varnish',
239 verbose headers   age: '0',
239 verbose headers   connection: 'keep-alive',
239 verbose headers   'x-served-by': 'cache-ams4429-AMS',
239 verbose headers   'x-cache': 'HIT',
239 verbose headers   'x-cache-hits': '1',
239 verbose headers   'x-timer': 'S1504718229.746854,VS0,VE485',
239 verbose headers   vary: 'Accept-Encoding, Accept' }
240 silly get cb [ 200,
240 silly get   { server: 'nginx/1.10.1',
240 silly get     'content-type': 'application/json',
240 silly get     'last-modified': 'Tue, 01 Aug 2017 03:04:47 GMT',
240 silly get     etag: 'W/"597fefcf-9801"',
240 silly get     'content-encoding': 'gzip',
240 silly get     'cache-control': 'max-age=300',
240 silly get     'content-length': '5462',
240 silly get     'accept-ranges': 'bytes',
240 silly get     date: 'Wed, 06 Sep 2017 17:17:09 GMT',
240 silly get     via: '1.1 varnish',
240 silly get     age: '0',
240 silly get     connection: 'keep-alive',
240 silly get     'x-served-by': 'cache-ams4429-AMS',
240 silly get     'x-cache': 'HIT',
240 silly get     'x-cache-hits': '1',
240 silly get     'x-timer': 'S1504718229.746854,VS0,VE485',
240 silly get     vary: 'Accept-Encoding, Accept' } ]
241 verbose get saving ssf to /Users/yusufyilmz/.npm/registry.npmjs.org/ssf/.cache.json
242 verbose correctMkdir /Users/yusufyilmz/.npm correctMkdir not in flight; initializing
243 silly resolveWithNewModule ssf@0.10.1 checking installable status
244 silly cache add args [ 'ssf@~0.10.1', null ]
245 verbose cache add spec ssf@~0.10.1
246 silly cache add parsed spec Result {
246 silly cache add   raw: 'ssf@~0.10.1',
246 silly cache add   scope: null,
246 silly cache add   escapedName: 'ssf',
246 silly cache add   name: 'ssf',
246 silly cache add   rawSpec: '~0.10.1',
246 silly cache add   spec: '>=0.10.1 <0.11.0',
246 silly cache add   type: 'range' }
247 silly addNamed ssf@>=0.10.1 <0.11.0
248 verbose addNamed ">=0.10.1 <0.11.0" is a valid semver range for ssf
249 silly addNameRange { name: 'ssf', range: '>=0.10.1 <0.11.0', hasData: false }
250 silly mapToRegistry name ssf
251 silly mapToRegistry using default registry
252 silly mapToRegistry registry https://registry.npmjs.org/
253 silly mapToRegistry data Result {
253 silly mapToRegistry   raw: 'ssf',
253 silly mapToRegistry   scope: null,
253 silly mapToRegistry   escapedName: 'ssf',
253 silly mapToRegistry   name: 'ssf',
253 silly mapToRegistry   rawSpec: '',
253 silly mapToRegistry   spec: 'latest',
253 silly mapToRegistry   type: 'tag' }
254 silly mapToRegistry uri https://registry.npmjs.org/ssf
255 verbose addNameRange registry:https://registry.npmjs.org/ssf not in flight; fetching
256 verbose get https://registry.npmjs.org/ssf not expired, no request
257 silly addNameRange number 2 { name: 'ssf', range: '>=0.10.1 <0.11.0', hasData: true }
258 silly addNameRange versions [ 'ssf',
258 silly addNameRange   [ '0.3.1',
258 silly addNameRange     '0.4.0',
258 silly addNameRange     '0.4.1',
258 silly addNameRange     '0.5.0',
258 silly addNameRange     '0.5.1',
258 silly addNameRange     '0.5.2',
258 silly addNameRange     '0.5.3',
258 silly addNameRange     '0.5.4',
258 silly addNameRange     '0.5.5',
258 silly addNameRange     '0.5.6',
258 silly addNameRange     '0.5.7',
258 silly addNameRange     '0.5.8',
258 silly addNameRange     '0.5.9',
258 silly addNameRange     '0.5.10',
258 silly addNameRange     '0.5.11',
258 silly addNameRange     '0.6.0',
258 silly addNameRange     '0.6.1',
258 silly addNameRange     '0.6.2',
258 silly addNameRange     '0.6.3',
258 silly addNameRange     '0.6.4',
258 silly addNameRange     '0.6.5',
258 silly addNameRange     '0.7.0',
258 silly addNameRange     '0.7.1',
258 silly addNameRange     '0.8.0',
258 silly addNameRange     '0.8.1',
258 silly addNameRange     '0.8.2',
258 silly addNameRange     '0.9.0',
258 silly addNameRange     '0.9.1',
258 silly addNameRange     '0.9.2',
258 silly addNameRange     '0.9.3',
258 silly addNameRange     '0.9.4',
258 silly addNameRange     '0.10.0',
258 silly addNameRange     '0.10.1' ] ]
259 silly addNamed ssf@0.10.1
260 verbose addNamed "0.10.1" is a plain semver version for ssf
261 silly mapToRegistry name ssf
262 silly mapToRegistry using default registry
263 silly mapToRegistry registry https://registry.npmjs.org/
264 silly mapToRegistry data Result {
264 silly mapToRegistry   raw: 'ssf',
264 silly mapToRegistry   scope: null,
264 silly mapToRegistry   escapedName: 'ssf',
264 silly mapToRegistry   name: 'ssf',
264 silly mapToRegistry   rawSpec: '',
264 silly mapToRegistry   spec: 'latest',
264 silly mapToRegistry   type: 'tag' }
265 silly mapToRegistry uri https://registry.npmjs.org/ssf
266 verbose addRemoteTarball https://registry.npmjs.org/ssf/-/ssf-0.10.1.tgz not in flight; adding
267 verbose addRemoteTarball [ 'https://registry.npmjs.org/ssf/-/ssf-0.10.1.tgz',
267 verbose addRemoteTarball   'f23d82b63792ef56089089c1cd0c848e911cdba6' ]
268 info retry fetch attempt 1 at 8:17:09 PM
269 info attempt registry request try #1 at 8:17:09 PM
270 http fetch GET https://registry.npmjs.org/ssf/-/ssf-0.10.1.tgz
271 http fetch 200 https://registry.npmjs.org/ssf/-/ssf-0.10.1.tgz
272 silly fetchAndShaCheck shasum f23d82b63792ef56089089c1cd0c848e911cdba6
273 verbose addTmpTarball /var/folders/0n/qqb98fy126l0xt4nfxdnnxdm0000gn/T/npm-19644-2922ec86/registry.npmjs.org/ssf/-/ssf-0.10.1.tgz not in flight; adding
274 verbose addTmpTarball already have metadata; skipping unpack for ssf@0.10.1
275 verbose correctMkdir /Users/yusufyilmz/.npm correctMkdir not in flight; initializing
276 silly cache afterAdd ssf@0.10.1
277 verbose afterAdd /Users/yusufyilmz/.npm/ssf/0.10.1/package/package.json not in flight; writing
278 verbose correctMkdir /Users/yusufyilmz/.npm correctMkdir not in flight; initializing
279 verbose afterAdd /Users/yusufyilmz/.npm/ssf/0.10.1/package/package.json written
280 silly fetchNamedPackageData printj
281 silly mapToRegistry name printj
282 silly mapToRegistry using default registry
283 silly mapToRegistry registry https://registry.npmjs.org/
284 silly mapToRegistry data Result {
284 silly mapToRegistry   raw: 'printj',
284 silly mapToRegistry   scope: null,
284 silly mapToRegistry   escapedName: 'printj',
284 silly mapToRegistry   name: 'printj',
284 silly mapToRegistry   rawSpec: '',
284 silly mapToRegistry   spec: 'latest',
284 silly mapToRegistry   type: 'tag' }
285 silly mapToRegistry uri https://registry.npmjs.org/printj
286 verbose request uri https://registry.npmjs.org/printj
287 verbose request no auth needed
288 info attempt registry request try #1 at 8:17:09 PM
289 http request GET https://registry.npmjs.org/printj
290 http 200 https://registry.npmjs.org/printj
291 verbose headers { server: 'nginx/1.10.1',
291 verbose headers   'content-type': 'application/json',
291 verbose headers   'last-modified': 'Sun, 23 Jul 2017 19:46:33 GMT',
291 verbose headers   etag: 'W/"5974fd19-cdd8"',
291 verbose headers   'content-encoding': 'gzip',
291 verbose headers   'cache-control': 'max-age=300',
291 verbose headers   'content-length': '16448',
291 verbose headers   'accept-ranges': 'bytes',
291 verbose headers   date: 'Wed, 06 Sep 2017 17:17:09 GMT',
291 verbose headers   via: '1.1 varnish',
291 verbose headers   age: '0',
291 verbose headers   connection: 'keep-alive',
291 verbose headers   'x-served-by': 'cache-ams4136-AMS',
291 verbose headers   'x-cache': 'HIT',
291 verbose headers   'x-cache-hits': '1',
291 verbose headers   'x-timer': 'S1504718230.536142,VS0,VE32',
291 verbose headers   vary: 'Accept-Encoding, Accept' }
292 silly get cb [ 200,
292 silly get   { server: 'nginx/1.10.1',
292 silly get     'content-type': 'application/json',
292 silly get     'last-modified': 'Sun, 23 Jul 2017 19:46:33 GMT',
292 silly get     etag: 'W/"5974fd19-cdd8"',
292 silly get     'content-encoding': 'gzip',
292 silly get     'cache-control': 'max-age=300',
292 silly get     'content-length': '16448',
292 silly get     'accept-ranges': 'bytes',
292 silly get     date: 'Wed, 06 Sep 2017 17:17:09 GMT',
292 silly get     via: '1.1 varnish',
292 silly get     age: '0',
292 silly get     connection: 'keep-alive',
292 silly get     'x-served-by': 'cache-ams4136-AMS',
292 silly get     'x-cache': 'HIT',
292 silly get     'x-cache-hits': '1',
292 silly get     'x-timer': 'S1504718230.536142,VS0,VE32',
292 silly get     vary: 'Accept-Encoding, Accept' } ]
293 verbose get saving printj to /Users/yusufyilmz/.npm/registry.npmjs.org/printj/.cache.json
294 verbose correctMkdir /Users/yusufyilmz/.npm correctMkdir not in flight; initializing
295 silly resolveWithNewModule printj@1.1.0 checking installable status
296 silly cache add args [ 'printj@~1.1.0', null ]
297 verbose cache add spec printj@~1.1.0
298 silly cache add parsed spec Result {
298 silly cache add   raw: 'printj@~1.1.0',
298 silly cache add   scope: null,
298 silly cache add   escapedName: 'printj',
298 silly cache add   name: 'printj',
298 silly cache add   rawSpec: '~1.1.0',
298 silly cache add   spec: '>=1.1.0 <1.2.0',
298 silly cache add   type: 'range' }
299 silly addNamed printj@>=1.1.0 <1.2.0
300 verbose addNamed ">=1.1.0 <1.2.0" is a valid semver range for printj
301 silly addNameRange { name: 'printj', range: '>=1.1.0 <1.2.0', hasData: false }
302 silly mapToRegistry name printj
303 silly mapToRegistry using default registry
304 silly mapToRegistry registry https://registry.npmjs.org/
305 silly mapToRegistry data Result {
305 silly mapToRegistry   raw: 'printj',
305 silly mapToRegistry   scope: null,
305 silly mapToRegistry   escapedName: 'printj',
305 silly mapToRegistry   name: 'printj',
305 silly mapToRegistry   rawSpec: '',
305 silly mapToRegistry   spec: 'latest',
305 silly mapToRegistry   type: 'tag' }
306 silly mapToRegistry uri https://registry.npmjs.org/printj
307 verbose addNameRange registry:https://registry.npmjs.org/printj not in flight; fetching
308 verbose get https://registry.npmjs.org/printj not expired, no request
309 silly addNameRange number 2 { name: 'printj', range: '>=1.1.0 <1.2.0', hasData: true }
310 silly addNameRange versions [ 'printj', [ '0.1.0', '0.1.1', '1.0.0', '1.0.2', '1.1.0' ] ]
311 silly addNamed printj@1.1.0
312 verbose addNamed "1.1.0" is a plain semver version for printj
313 silly mapToRegistry name printj
314 silly mapToRegistry using default registry
315 silly mapToRegistry registry https://registry.npmjs.org/
316 silly mapToRegistry data Result {
316 silly mapToRegistry   raw: 'printj',
316 silly mapToRegistry   scope: null,
316 silly mapToRegistry   escapedName: 'printj',
316 silly mapToRegistry   name: 'printj',
316 silly mapToRegistry   rawSpec: '',
316 silly mapToRegistry   spec: 'latest',
316 silly mapToRegistry   type: 'tag' }
317 silly mapToRegistry uri https://registry.npmjs.org/printj
318 verbose addRemoteTarball https://registry.npmjs.org/printj/-/printj-1.1.0.tgz not in flight; adding
319 verbose addRemoteTarball [ 'https://registry.npmjs.org/printj/-/printj-1.1.0.tgz',
319 verbose addRemoteTarball   '85487b5e8f96763b0b4a253613bef9dd9b387e3c' ]
320 info retry fetch attempt 1 at 8:17:09 PM
321 info attempt registry request try #1 at 8:17:09 PM
322 http fetch GET https://registry.npmjs.org/printj/-/printj-1.1.0.tgz
323 http fetch 200 https://registry.npmjs.org/printj/-/printj-1.1.0.tgz
324 silly fetchAndShaCheck shasum 85487b5e8f96763b0b4a253613bef9dd9b387e3c
325 verbose addTmpTarball /var/folders/0n/qqb98fy126l0xt4nfxdnnxdm0000gn/T/npm-19644-2922ec86/registry.npmjs.org/printj/-/printj-1.1.0.tgz not in flight; adding
326 verbose addTmpTarball already have metadata; skipping unpack for printj@1.1.0
327 verbose correctMkdir /Users/yusufyilmz/.npm correctMkdir not in flight; initializing
328 silly cache afterAdd printj@1.1.0
329 verbose afterAdd /Users/yusufyilmz/.npm/printj/1.1.0/package/package.json not in flight; writing
330 verbose correctMkdir /Users/yusufyilmz/.npm correctMkdir not in flight; initializing
331 verbose afterAdd /Users/yusufyilmz/.npm/printj/1.1.0/package/package.json written
332 silly fetchNamedPackageData frac
333 silly mapToRegistry name frac
334 silly mapToRegistry using default registry
335 silly mapToRegistry registry https://registry.npmjs.org/
336 silly mapToRegistry data Result {
336 silly mapToRegistry   raw: 'frac',
336 silly mapToRegistry   scope: null,
336 silly mapToRegistry   escapedName: 'frac',
336 silly mapToRegistry   name: 'frac',
336 silly mapToRegistry   rawSpec: '',
336 silly mapToRegistry   spec: 'latest',
336 silly mapToRegistry   type: 'tag' }
337 silly mapToRegistry uri https://registry.npmjs.org/frac
338 verbose request uri https://registry.npmjs.org/frac
339 verbose request no auth needed
340 info attempt registry request try #1 at 8:17:09 PM
341 http request GET https://registry.npmjs.org/frac
342 http 200 https://registry.npmjs.org/frac
343 verbose headers { server: 'nginx/1.10.1',
343 verbose headers   'content-type': 'application/json',
343 verbose headers   'last-modified': 'Fri, 28 Jul 2017 03:39:24 GMT',
343 verbose headers   etag: 'W/"597ab1ec-3a53"',
343 verbose headers   'content-encoding': 'gzip',
343 verbose headers   'cache-control': 'max-age=300',
343 verbose headers   'content-length': '3419',
343 verbose headers   'accept-ranges': 'bytes',
343 verbose headers   date: 'Wed, 06 Sep 2017 17:17:09 GMT',
343 verbose headers   via: '1.1 varnish',
343 verbose headers   age: '0',
343 verbose headers   connection: 'keep-alive',
343 verbose headers   'x-served-by': 'cache-ams4429-AMS',
343 verbose headers   'x-cache': 'HIT',
343 verbose headers   'x-cache-hits': '1',
343 verbose headers   'x-timer': 'S1504718230.975564,VS0,VE8',
343 verbose headers   vary: 'Accept-Encoding, Accept' }
344 silly get cb [ 200,
344 silly get   { server: 'nginx/1.10.1',
344 silly get     'content-type': 'application/json',
344 silly get     'last-modified': 'Fri, 28 Jul 2017 03:39:24 GMT',
344 silly get     etag: 'W/"597ab1ec-3a53"',
344 silly get     'content-encoding': 'gzip',
344 silly get     'cache-control': 'max-age=300',
344 silly get     'content-length': '3419',
344 silly get     'accept-ranges': 'bytes',
344 silly get     date: 'Wed, 06 Sep 2017 17:17:09 GMT',
344 silly get     via: '1.1 varnish',
344 silly get     age: '0',
344 silly get     connection: 'keep-alive',
344 silly get     'x-served-by': 'cache-ams4429-AMS',
344 silly get     'x-cache': 'HIT',
344 silly get     'x-cache-hits': '1',
344 silly get     'x-timer': 'S1504718230.975564,VS0,VE8',
344 silly get     vary: 'Accept-Encoding, Accept' } ]
345 verbose get saving frac to /Users/yusufyilmz/.npm/registry.npmjs.org/frac/.cache.json
346 verbose correctMkdir /Users/yusufyilmz/.npm correctMkdir not in flight; initializing
347 silly resolveWithNewModule frac@1.1.0 checking installable status
348 silly cache add args [ 'frac@~1.1.0', null ]
349 verbose cache add spec frac@~1.1.0
350 silly cache add parsed spec Result {
350 silly cache add   raw: 'frac@~1.1.0',
350 silly cache add   scope: null,
350 silly cache add   escapedName: 'frac',
350 silly cache add   name: 'frac',
350 silly cache add   rawSpec: '~1.1.0',
350 silly cache add   spec: '>=1.1.0 <1.2.0',
350 silly cache add   type: 'range' }
351 silly addNamed frac@>=1.1.0 <1.2.0
352 verbose addNamed ">=1.1.0 <1.2.0" is a valid semver range for frac
353 silly addNameRange { name: 'frac', range: '>=1.1.0 <1.2.0', hasData: false }
354 silly mapToRegistry name frac
355 silly mapToRegistry using default registry
356 silly mapToRegistry registry https://registry.npmjs.org/
357 silly mapToRegistry data Result {
357 silly mapToRegistry   raw: 'frac',
357 silly mapToRegistry   scope: null,
357 silly mapToRegistry   escapedName: 'frac',
357 silly mapToRegistry   name: 'frac',
357 silly mapToRegistry   rawSpec: '',
357 silly mapToRegistry   spec: 'latest',
357 silly mapToRegistry   type: 'tag' }
358 silly mapToRegistry uri https://registry.npmjs.org/frac
359 verbose addNameRange registry:https://registry.npmjs.org/frac not in flight; fetching
360 verbose get https://registry.npmjs.org/frac not expired, no request
361 silly addNameRange number 2 { name: 'frac', range: '>=1.1.0 <1.2.0', hasData: true }
362 silly addNameRange versions [ 'frac',
362 silly addNameRange   [ '0.2.1',
362 silly addNameRange     '0.3.0',
362 silly addNameRange     '0.3.1',
362 silly addNameRange     '1.0.0',
362 silly addNameRange     '1.0.1',
362 silly addNameRange     '1.0.2',
362 silly addNameRange     '1.0.4',
362 silly addNameRange     '1.0.5',
362 silly addNameRange     '1.0.6',
362 silly addNameRange     '1.1.0' ] ]
363 silly addNamed frac@1.1.0
364 verbose addNamed "1.1.0" is a plain semver version for frac
365 silly mapToRegistry name frac
366 silly mapToRegistry using default registry
367 silly mapToRegistry registry https://registry.npmjs.org/
368 silly mapToRegistry data Result {
368 silly mapToRegistry   raw: 'frac',
368 silly mapToRegistry   scope: null,
368 silly mapToRegistry   escapedName: 'frac',
368 silly mapToRegistry   name: 'frac',
368 silly mapToRegistry   rawSpec: '',
368 silly mapToRegistry   spec: 'latest',
368 silly mapToRegistry   type: 'tag' }
369 silly mapToRegistry uri https://registry.npmjs.org/frac
370 verbose addRemoteTarball https://registry.npmjs.org/frac/-/frac-1.1.0.tgz not in flight; adding
371 verbose addRemoteTarball [ 'https://registry.npmjs.org/frac/-/frac-1.1.0.tgz',
371 verbose addRemoteTarball   'dc437e9c6a646b60b127d82ac4902464445cc1e3' ]
372 info retry fetch attempt 1 at 8:17:10 PM
373 info attempt registry request try #1 at 8:17:10 PM
374 http fetch GET https://registry.npmjs.org/frac/-/frac-1.1.0.tgz
375 http fetch 200 https://registry.npmjs.org/frac/-/frac-1.1.0.tgz
376 silly fetchAndShaCheck shasum dc437e9c6a646b60b127d82ac4902464445cc1e3
377 verbose addTmpTarball /var/folders/0n/qqb98fy126l0xt4nfxdnnxdm0000gn/T/npm-19644-2922ec86/registry.npmjs.org/frac/-/frac-1.1.0.tgz not in flight; adding
378 verbose addTmpTarball already have metadata; skipping unpack for frac@1.1.0
379 verbose correctMkdir /Users/yusufyilmz/.npm correctMkdir not in flight; initializing
380 silly cache afterAdd frac@1.1.0
381 verbose afterAdd /Users/yusufyilmz/.npm/frac/1.1.0/package/package.json not in flight; writing
382 verbose correctMkdir /Users/yusufyilmz/.npm correctMkdir not in flight; initializing
383 verbose afterAdd /Users/yusufyilmz/.npm/frac/1.1.0/package/package.json written
384 silly fetchNamedPackageData xlsx
385 silly mapToRegistry name xlsx
386 silly mapToRegistry using default registry
387 silly mapToRegistry registry https://registry.npmjs.org/
388 silly mapToRegistry data Result {
388 silly mapToRegistry   raw: 'xlsx',
388 silly mapToRegistry   scope: null,
388 silly mapToRegistry   escapedName: 'xlsx',
388 silly mapToRegistry   name: 'xlsx',
388 silly mapToRegistry   rawSpec: '',
388 silly mapToRegistry   spec: 'latest',
388 silly mapToRegistry   type: 'tag' }
389 silly mapToRegistry uri https://registry.npmjs.org/xlsx
390 silly fetchPackageMetaData Error: No compatible version found: xlsx@0.10.4
390 silly fetchPackageMetaData Valid install targets:
390 silly fetchPackageMetaData 0.11.3, 0.11.2, 0.11.1, 0.11.0, 0.10.9, 0.10.8, 0.10.7, 0.10.6, 0.10.5, 0.10.3, 0.10.1, 0.10.0, 0.9.13, 0.9.12, 0.9.11, 0.9.10, 0.9.9, 0.9.8, 0.9.6, 0.9.4, 0.9.3, 0.9.2, 0.9.0, 0.8.8, 0.8.0, 0.7.12, 0.7.0, 0.6.1, 0.6.0, 0.5.17, 0.5.8, 0.5.7, 0.5.6, 0.5.0, 0.4.3, 0.3.10, 0.3.3
390 silly fetchPackageMetaData
390 silly fetchPackageMetaData     at pickVersionFromRegistryDocument (/usr/local/lib/node_modules/npm/lib/fetch-package-metadata.js:178:16)
390 silly fetchPackageMetaData     at /usr/local/lib/node_modules/npm/lib/fetch-package-metadata.js:112:7
390 silly fetchPackageMetaData     at /usr/local/lib/node_modules/npm/node_modules/iferr/index.js:13:50
390 silly fetchPackageMetaData     at mapToRegistry (/usr/local/lib/node_modules/npm/lib/utils/map-to-registry.js:62:3)
390 silly fetchPackageMetaData     at fetchNamedPackageData (/usr/local/lib/node_modules/npm/lib/fetch-package-metadata.js:110:3)
390 silly fetchPackageMetaData     at fetchPackageMetadata (/usr/local/lib/node_modules/npm/lib/fetch-package-metadata.js:59:5)
390 silly fetchPackageMetaData     at /usr/local/lib/node_modules/npm/lib/install/deps.js:453:7
390 silly fetchPackageMetaData     at /usr/local/lib/node_modules/npm/node_modules/iferr/index.js:13:50
390 silly fetchPackageMetaData     at /usr/local/lib/node_modules/npm/lib/install/deps.js:101:7
390 silly fetchPackageMetaData     at RawTask.call (/usr/local/lib/node_modules/npm/node_modules/asap/asap.js:40:19)
390 silly fetchPackageMetaData  error for xlsx@0.10.4 { Error: No compatible version found: xlsx@0.10.4
390 silly fetchPackageMetaData Valid install targets:
390 silly fetchPackageMetaData 0.11.3, 0.11.2, 0.11.1, 0.11.0, 0.10.9, 0.10.8, 0.10.7, 0.10.6, 0.10.5, 0.10.3, 0.10.1, 0.10.0, 0.9.13, 0.9.12, 0.9.11, 0.9.10, 0.9.9, 0.9.8, 0.9.6, 0.9.4, 0.9.3, 0.9.2, 0.9.0, 0.8.8, 0.8.0, 0.7.12, 0.7.0, 0.6.1, 0.6.0, 0.5.17, 0.5.8, 0.5.7, 0.5.6, 0.5.0, 0.4.3, 0.3.10, 0.3.3
390 silly fetchPackageMetaData
390 silly fetchPackageMetaData     at pickVersionFromRegistryDocument (/usr/local/lib/node_modules/npm/lib/fetch-package-metadata.js:178:16)
390 silly fetchPackageMetaData     at /usr/local/lib/node_modules/npm/lib/fetch-package-metadata.js:112:7
390 silly fetchPackageMetaData     at /usr/local/lib/node_modules/npm/node_modules/iferr/index.js:13:50
390 silly fetchPackageMetaData     at mapToRegistry (/usr/local/lib/node_modules/npm/lib/utils/map-to-registry.js:62:3)
390 silly fetchPackageMetaData     at fetchNamedPackageData (/usr/local/lib/node_modules/npm/lib/fetch-package-metadata.js:110:3)
390 silly fetchPackageMetaData     at fetchPackageMetadata (/usr/local/lib/node_modules/npm/lib/fetch-package-metadata.js:59:5)
390 silly fetchPackageMetaData     at /usr/local/lib/node_modules/npm/lib/install/deps.js:453:7
390 silly fetchPackageMetaData     at /usr/local/lib/node_modules/npm/node_modules/iferr/index.js:13:50
390 silly fetchPackageMetaData     at /usr/local/lib/node_modules/npm/lib/install/deps.js:101:7
390 silly fetchPackageMetaData     at RawTask.call (/usr/local/lib/node_modules/npm/node_modules/asap/asap.js:40:19) code: 'ETARGET' }
391 silly rollbackFailedOptional Starting
392 silly rollbackFailedOptional Finishing
393 silly runTopLevelLifecycles Finishing
394 silly install printInstalled
395 verbose stack Error: No compatible version found: xlsx@0.10.4
395 verbose stack Valid install targets:
395 verbose stack 0.11.3, 0.11.2, 0.11.1, 0.11.0, 0.10.9, 0.10.8, 0.10.7, 0.10.6, 0.10.5, 0.10.3, 0.10.1, 0.10.0, 0.9.13, 0.9.12, 0.9.11, 0.9.10, 0.9.9, 0.9.8, 0.9.6, 0.9.4, 0.9.3, 0.9.2, 0.9.0, 0.8.8, 0.8.0, 0.7.12, 0.7.0, 0.6.1, 0.6.0, 0.5.17, 0.5.8, 0.5.7, 0.5.6, 0.5.0, 0.4.3, 0.3.10, 0.3.3
395 verbose stack
395 verbose stack     at pickVersionFromRegistryDocument (/usr/local/lib/node_modules/npm/lib/fetch-package-metadata.js:178:16)
395 verbose stack     at /usr/local/lib/node_modules/npm/lib/fetch-package-metadata.js:112:7
395 verbose stack     at /usr/local/lib/node_modules/npm/node_modules/iferr/index.js:13:50
395 verbose stack     at mapToRegistry (/usr/local/lib/node_modules/npm/lib/utils/map-to-registry.js:62:3)
395 verbose stack     at fetchNamedPackageData (/usr/local/lib/node_modules/npm/lib/fetch-package-metadata.js:110:3)
395 verbose stack     at fetchPackageMetadata (/usr/local/lib/node_modules/npm/lib/fetch-package-metadata.js:59:5)
395 verbose stack     at /usr/local/lib/node_modules/npm/lib/install/deps.js:453:7
395 verbose stack     at /usr/local/lib/node_modules/npm/node_modules/iferr/index.js:13:50
395 verbose stack     at /usr/local/lib/node_modules/npm/lib/install/deps.js:101:7
395 verbose stack     at RawTask.call (/usr/local/lib/node_modules/npm/node_modules/asap/asap.js:40:19)
396 verbose cwd /Users/yusufyilmz/github/ReduxSimpleStarter-master
397 error Darwin 16.6.0
398 error argv "/usr/local/bin/node" "/usr/local/bin/npm" "install" "--save" "xlsx"
399 error node v6.11.2
400 error npm  v3.10.10
401 error code ETARGET
402 error notarget No compatible version found: xlsx@0.10.4
402 error notarget Valid install targets:
402 error notarget 0.11.3, 0.11.2, 0.11.1, 0.11.0, 0.10.9, 0.10.8, 0.10.7, 0.10.6, 0.10.5, 0.10.3, 0.10.1, 0.10.0, 0.9.13, 0.9.12, 0.9.11, 0.9.10, 0.9.9, 0.9.8, 0.9.6, 0.9.4, 0.9.3, 0.9.2, 0.9.0, 0.8.8, 0.8.0, 0.7.12, 0.7.0, 0.6.1, 0.6.0, 0.5.17, 0.5.8, 0.5.7, 0.5.6, 0.5.0, 0.4.3, 0.3.10, 0.3.3
403 error notarget This is most likely not a problem with npm itself.
403 error notarget In most cases you or one of your dependencies are requesting
403 error notarget a package version that doesn't exist.
403 error notarget
403 error notarget It was specified as a dependency of 'xlsx-to-json-lc'
404 verbose exit [ 1, true ]
